
F:\ダウンロード\endrrta-26.1.2>if "Windows_NT" == "Windows_NT" setlocal

F:\ダウンロード\endrrta-26.1.2>set DIRNAME=F:\ダウンロード\endrrta-26.1.2\ 

F:\ダウンロード\endrrta-26.1.2>if "F:\ダウンロード\endrrta-26.1.2\" == "" set DIRNAME=. 

F:\ダウンロード\endrrta-26.1.2>set APP_BASE_NAME=gradlew 

F:\ダウンロード\endrrta-26.1.2>set APP_HOME=F:\ダウンロード\endrrta-26.1.2\ 

F:\ダウンロード\endrrta-26.1.2>for %i in ("F:\ダウンロード\endrrta-26.1.2\") do set APP_HOME=%~fi 

F:\ダウンロード\endrrta-26.1.2>set APP_HOME=F:\ダウンロード\endrrta-26.1.2\ 

F:\ダウンロード\endrrta-26.1.2>set DEFAULT_JVM_OPTS="-Xmx64m" "-Xms64m" 

F:\ダウンロード\endrrta-26.1.2>if defined JAVA_HOME goto findJavaFromJavaHome 

F:\ダウンロード\endrrta-26.1.2>set JAVA_HOME=C:\Program Files\Java\jdk-24 

F:\ダウンロード\endrrta-26.1.2>set JAVA_EXE=C:\Program Files\Java\jdk-24/bin/java.exe 

F:\ダウンロード\endrrta-26.1.2>if exist "C:\Program Files\Java\jdk-24/bin/java.exe" goto execute 

F:\ダウンロード\endrrta-26.1.2>"C:\Program Files\Java\jdk-24/bin/java.exe" "-Xmx64m" "-Xms64m"   "-Dorg.gradle.appname=gradlew" -jar "F:\ダウンロード\endrrta-26.1.2\\gradle\wrapper\gradle-wrapper.jar" build --warning-mode all 
Starting a Gradle Daemon, 2 incompatible Daemons could not be reused, use --status for details

> Configure project :
Fabric Loom: 1.16.3

> Task :compileJava UP-TO-DATE
> Task :processResources
> Task :classes
> Task :compileClientJava
> Task :processClientResources UP-TO-DATE
> Task :processIncludeJars UP-TO-DATE
> Task :sourcesJar
> Task :clientClasses
> Task :compileTestJava NO-SOURCE
> Task :processTestResources NO-SOURCE
> Task :testClasses UP-TO-DATE
> Task :test NO-SOURCE
> Task :validateAccessWidener NO-SOURCE
> Task :check UP-TO-DATE
> Task :jar
> Task :assemble
> Task :build

BUILD SUCCESSFUL in 10s
7 actionable tasks: 4 executed, 3 up-to-date

F:\ダウンロード\endrrta-26.1.2>if 0 EQU 0 goto mainEnd 

F:\ダウンロード\endrrta-26.1.2>if "Windows_NT" == "Windows_NT" endlocal
